2023-04-28 15:07:57 info Install Datenstrom Yellow 0.8.22, PHP 8.2.4, Built-in 8.2.4, Mac
2023-04-28 15:07:57 info Install extension 'Update 0.8.92'
2023-04-28 15:07:57 info Install extension 'Command 0.8.45'
2023-04-28 15:07:57 info Install extension 'Core 0.8.105'
2023-04-28 15:07:57 info Install extension 'Edit 0.8.71'
2023-04-28 15:07:57 info Install extension 'Image 0.8.18'
2023-04-28 15:07:57 info Install extension 'Markdown 0.8.24'
2023-04-28 15:07:57 info Install extension 'Meta 0.8.16'
2023-04-28 15:07:57 info Install extension 'Serve 0.8.22'
2023-04-28 15:07:57 info Install extension 'Stockholm 0.8.14'
2023-04-28 15:07:57 info Install extension 'English 0.8.42'
2023-04-28 15:07:57 info Install extension 'German 0.8.42'
2023-04-28 15:07:57 info Install extension 'Swedish 0.8.42'
2023-04-28 15:08:22 info Install extension 'Blog 0.8.25'
2023-04-28 15:08:22 info Add user 'admin'
2023-04-28 19:42:40 info Install extension 'Gallery 0.8.18'
2023-04-28 22:12:16 error Can't parse file 'system/extensions/image.php'!
2023-04-28 22:18:24 info Update extension 'Blog 0.8.26'
2023-04-28 22:18:24 info Update extension 'Core 0.8.109'
2023-04-28 22:18:24 info Update extension 'Edit 0.8.72'
2023-04-28 22:18:24 info Update extension 'English 0.8.43'
2023-04-28 22:18:24 info Update extension 'German 0.8.43'
2023-04-28 22:18:24 info Update extension 'Image 0.8.19'
2023-04-28 22:18:24 info Update extension 'Swedish 0.8.43'
2023-04-28 22:18:24 info Update extension 'Update 0.8.94'
2023-04-29 01:49:50 error Can't parse file 'system/extensions/image.php'!
2023-04-29 02:02:58 info Uninstall extension 'German 0.8.43'
2023-04-29 02:03:11 info Uninstall extension 'Swedish 0.8.43'
2023-04-29 02:08:50 info Install extension 'Youtube 0.8.7'
2023-04-29 23:06:53 error Can't parse file 'system/extensions/image.php'!
2023-04-29 23:07:03 error Can't parse file 'system/extensions/image.php'!
2023-04-29 23:07:04 error Can't parse file 'system/extensions/image.php'!
2023-04-29 23:07:52 error Can't parse file 'system/extensions/image.php'!
2023-04-29 23:08:13 error Can't parse file 'system/extensions/image.php'!
2023-04-29 23:20:09 info Install extension 'Googlemap 0.8.9'
2023-05-20 23:21:13 info Update extension 'Core 0.8.114'
2023-05-20 23:21:13 info Update extension 'Edit 0.8.75'
2023-05-20 23:21:13 info Update extension 'Meta 0.8.17'
2023-05-20 23:21:13 info Update extension 'Serve 0.8.23'
